info it worked if it ends with ok
verbose cli [ 'node', '/usr/bin/npm', 'install', 'node_xslt' ]
info using npm@1.1.13
info using node@v0.6.14
verbose /usr/bin/node node symlink
verbose config file /home/renan/.npmrc
verbose config file /usr/etc/npmrc
verbose config file /usr/lib/node_modules/npm/npmrc
verbose caching /home/renan/Projeto/package.json
verbose loadDefaults application-name@0.0.1
verbose caching /home/renan/Projeto/node_modules/jade/package.json
verbose caching /home/renan/Projeto/node_modules/express/package.json
verbose caching /home/renan/Projeto/node_modules/stylus/package.json
verbose from cache /home/renan/Projeto/package.json
verbose readDependencies: using package.json deps
verbose cache add [ 'node_xslt', null ]
silly cache add: name, spec, args [ undefined, 'node_xslt', [ 'node_xslt', null ] ]
verbose parsed url { pathname: 'node_xslt', path: 'node_xslt', href: 'node_xslt' }
verbose addNamed [ 'node_xslt', '' ]
verbose addNamed [ null, '' ]
silly name, range, hasData [ 'node_xslt', '', false ]
verbose raw, before any munging node_xslt
verbose url resolving [ 'https://registry.npmjs.org/', './node_xslt' ]
verbose url resolved https://registry.npmjs.org/node_xslt
http GET https://registry.npmjs.org/node_xslt
http 200 https://registry.npmjs.org/node_xslt
silly get cb [ 200,
silly get cb   { vary: 'Accept',
silly get cb     server: 'CouchDB/1.2.0 (Erlang OTP/R15B)',
silly get cb     etag: '"33HYJ0SYPFMNBR08DDHFW91FN"',
silly get cb     date: 'Fri, 30 Mar 2012 14:46:33 GMT',
silly get cb     'content-type': 'application/json',
silly get cb     'content-length': '3970' } ]
silly name, range, hasData 2 [ 'node_xslt', '', true ]
silly versions [ 'node_xslt', [ '0.1.1', '0.1.2', '0.1.3', '0.1.4' ] ]
verbose bin dist [ '0.6-ares1.7.5-DEV-evundefined-openssl0.9.8o-v83.6.6.24-linux-ia32-2.6.38-13-generic',
verbose bin dist   { shasum: '8f39610ec6bcd952f0cdda0300080e11dbddcbda',
verbose bin dist     tarball: 'http://registry.npmjs.org/node_xslt/-/node_xslt-0.1.4.tgz' } ]
verbose addRemoteTarball [ 'https://registry.npmjs.org/node_xslt/-/node_xslt-0.1.4.tgz',
verbose addRemoteTarball   '8f39610ec6bcd952f0cdda0300080e11dbddcbda' ]
verbose fetch to /tmp/npm-1333118794180/1333118794180-0.894996618386358/tmp.tgz
http GET https://registry.npmjs.org/node_xslt/-/node_xslt-0.1.4.tgz
http 200 https://registry.npmjs.org/node_xslt/-/node_xslt-0.1.4.tgz
silly updated sha bytes 20480
info shasum 8f39610ec6bcd952f0cdda0300080e11dbddcbda
info shasum /tmp/npm-1333118794180/1333118794180-0.894996618386358/tmp.tgz
verbose unpack /tmp/npm-1333118794180/1333118794180-0.894996618386358/tmp.tgz
silly gunzTarPerm modes [ '755', '644' ]
silly extracting entry .cdcatalog.xml.un~
silly extracting entry .gitignore
silly extracting entry .node_xslt.cc.un~
silly extracting entry .package.json.un~
silly extracting entry .test.js.un~
silly extracting entry .test.xsl.un~
silly extracting entry .wscript.un~
silly extracting entry cdcatalog.xml
silly extracting entry LICENSE.txt
silly extracting entry macros.h
silly extracting entry node_xslt.cc
silly extracting entry package.json
silly extracting entry README.md
silly extracting entry scopeguard.h
silly extracting entry test.js
silly extracting entry test.xsl
silly extracting entry wscript
verbose has wscript [ undefined,
verbose has wscript   { file: '/tmp/npm-1333118794180/1333118794180-0.894996618386358/package/package.json',
verbose has wscript     gypfile: false,
verbose has wscript     contributors: false,
verbose has wscript     serverjs: false,
verbose has wscript     wscript: true } ]
verbose caching /tmp/npm-1333118794180/1333118794180-0.894996618386358/package/package.json
verbose loadDefaults node_xslt@0.1.4
verbose from cache /tmp/npm-1333118794180/1333118794180-0.894996618386358/package/package.json
verbose tar.pack [ '/home/renan/.npm/node_xslt/0.1.4/package.tgz',
verbose tar.pack   '/tmp/npm-1333118794180/1333118794180-0.894996618386358/package' ]
verbose tarball /home/renan/.npm/node_xslt/0.1.4/package.tgz
verbose folder /tmp/npm-1333118794180/1333118794180-0.894996618386358/package
verbose unpack /home/renan/.npm/node_xslt/0.1.4/package.tgz
silly gunzTarPerm modes [ '755', '644' ]
silly extracting entry package.json
silly extracting entry .npmignore
silly extracting entry README.md
silly extracting entry test.js
silly extracting entry .test.xsl.un~
silly extracting entry scopeguard.h
silly extracting entry cdcatalog.xml
silly extracting entry .package.json.un~
silly extracting entry .wscript.un~
silly extracting entry wscript
silly extracting entry node_xslt.cc
silly extracting entry macros.h
silly extracting entry LICENSE.txt
silly extracting entry .cdcatalog.xml.un~
silly extracting entry .test.js.un~
silly extracting entry test.xsl
silly extracting entry .node_xslt.cc.un~
verbose has wscript [ undefined,
verbose has wscript   { file: '/home/renan/.npm/node_xslt/0.1.4/package/package.json',
verbose has wscript     gypfile: false,
verbose has wscript     contributors: false,
verbose has wscript     serverjs: false,
verbose has wscript     wscript: true } ]
verbose caching /home/renan/.npm/node_xslt/0.1.4/package/package.json
verbose loadDefaults node_xslt@0.1.4
silly updated sha bytes 11681
info shasum fd3e5f04ef4b4a8594632976143eba3770917e96
info shasum /home/renan/.npm/node_xslt/0.1.4/package.tgz
verbose from cache /home/renan/.npm/node_xslt/0.1.4/package/package.json
verbose chmod /home/renan/.npm/node_xslt/0.1.4/package.tgz 644
verbose chown [ '/home/renan/.npm/node_xslt/0.1.4/package.tgz', 1000, 1000 ]
silly resolved [ { name: 'node_xslt',
silly resolved     version: '0.1.4',
silly resolved     main: './build/Release/node_xslt',
silly resolved     engines: { node: '>=0.1.93' },
silly resolved     dependencies: {},
silly resolved     description: 'A simple XSLT package for node.js',
silly resolved     author: { name: 'Brian Suh', email: 'brian.j.suh@gmail.com' },
silly resolved     homepage: 'https://github.com/bahblah/node_xslt',
silly resolved     repository: { type: 'git', url: 'git://github.com/bahblah/node_xslt.git' },
silly resolved     _id: 'node_xslt@0.1.4',
silly resolved     scripts: { preinstall: 'node-waf clean || (exit 0); node-waf configure build' },
silly resolved     devDependencies: {},
silly resolved     optionalDependencies: {},
silly resolved     _engineSupported: true,
silly resolved     _npmVersion: '1.1.13',
silly resolved     _nodeVersion: 'v0.6.14',
silly resolved     _defaultsLoaded: true,
silly resolved     dist: { shasum: 'fd3e5f04ef4b4a8594632976143eba3770917e96' },
silly resolved     _from: 'node_xslt' } ]
info into /home/renan/Projeto node_xslt@0.1.4
info installOne node_xslt@0.1.4
verbose from cache /home/renan/.npm/node_xslt/0.1.4/package/package.json
info unbuild /home/renan/Projeto/node_modules/node_xslt
verbose unpack /home/renan/.npm/node_xslt/0.1.4/package.tgz
silly gunzTarPerm modes [ '755', '644' ]
silly extracting entry package.json
silly extracting entry .npmignore
silly extracting entry README.md
silly extracting entry test.js
silly extracting entry .test.xsl.un~
silly extracting entry scopeguard.h
silly extracting entry cdcatalog.xml
silly extracting entry .package.json.un~
silly extracting entry .wscript.un~
silly extracting entry wscript
silly extracting entry node_xslt.cc
silly extracting entry macros.h
silly extracting entry LICENSE.txt
silly extracting entry .cdcatalog.xml.un~
silly extracting entry .test.js.un~
silly extracting entry test.xsl
silly extracting entry .node_xslt.cc.un~
verbose has wscript [ undefined,
verbose has wscript   { file: '/home/renan/Projeto/node_modules/node_xslt/package.json',
verbose has wscript     gypfile: false,
verbose has wscript     serverjs: false,
verbose has wscript     contributors: false,
verbose has wscript     wscript: true } ]
verbose caching /home/renan/Projeto/node_modules/node_xslt/package.json
verbose loadDefaults node_xslt@0.1.4
info preinstall node_xslt@0.1.4
verbose unsafe-perm in lifecycle false
verbose Setting uid from 0 1000
verbose stack at uid setting Error
verbose stack at uid setting     at exec (/usr/lib/node_modules/npm/lib/utils/exec.js:35:17)
verbose stack at uid setting     at Array.0 (/usr/lib/node_modules/npm/lib/utils/lifecycle.js:146:5)
verbose stack at uid setting     at EventEmitter._tickCallback (node.js:192:40)
silly exec sh "-c" "node-waf clean || (exit 0); node-waf configure build"
silly spawning [ 'sh',
silly spawning   [ '-c', 'node-waf clean || (exit 0); node-waf configure build' ],
silly spawning   '/home/renan/Projeto/node_modules/node_xslt' ]
info node_xslt@0.1.4 Failed to exec preinstall script
info unbuild /home/renan/Projeto/node_modules/node_xslt
verbose from cache /home/renan/Projeto/node_modules/node_xslt/package.json
info preuninstall node_xslt@0.1.4
info uninstall node_xslt@0.1.4
verbose unbuild node_xslt@0.1.4 [ true,
verbose unbuild node_xslt@0.1.4   '/home/renan/Projeto/node_modules',
verbose unbuild node_xslt@0.1.4   '/home/renan/Projeto/node_modules' ]
info postuninstall node_xslt@0.1.4
ERR! node_xslt@0.1.4 preinstall: `node-waf clean || (exit 0); node-waf configure build`
ERR! `sh "-c" "node-waf clean || (exit 0); node-waf configure build"` failed with 127
ERR! 
ERR! Failed at the node_xslt@0.1.4 preinstall script.
ERR! This is most likely a problem with the node_xslt package,
ERR! not with npm itself.
ERR! Tell the author that this fails on your system:
ERR!     node-waf clean || (exit 0); node-waf configure build
ERR! You can get their info via:
ERR!     npm owner ls node_xslt
ERR! There is likely additional logging output above.
ERR! 
ERR! System Linux 2.6.38-13-generic
ERR! command "node" "/usr/bin/npm" "install" "node_xslt"
ERR! cwd /home/renan/Projeto
ERR! node -v v0.6.14
ERR! npm -v 1.1.13
ERR! code ELIFECYCLE
ERR! message node_xslt@0.1.4 preinstall: `node-waf clean || (exit 0); node-waf configure build`
ERR! message `sh "-c" "node-waf clean || (exit 0); node-waf configure build"` failed with 127
ERR! errno {}
verbose exit [ 1, true ]
